Build started 8/9/2015 9:24:01 PM.
     1>Project "C:\Users\Kyle\Documents\GitHub\GetToTheLander\proj.win32\CocosProjectFlap.vcxproj" on node 2 (Build target(s)).
     1>C:\Program Files (x86)\MSBuild\Microsoft.Cpp\v4.0\V120\Microsoft.CppBuild.targets(388,5): warning MSB8028: The intermediate directory (Debug.win32\) contains files shared from another project (CocosProjectFlap.vcxproj, Flap.vcxproj).  This can lead to incorrect clean and rebuild behavior.
     1>ResourceCompile:
         C:\Program Files (x86)\Windows Kits\8.1\bin\x86\rc.exe /D _UNICODE /D UNICODE /l"0x0409" /nologo /fo"Debug.win32\Get To The Lander.res" "Get To The Lander.rc" 
       PreLinkEvent:
         if not exist "C:\Users\Kyle\Documents\GitHub\GetToTheLander\proj.win32\Debug.win32\" mkdir "C:\Users\Kyle\Documents\GitHub\GetToTheLander\proj.win32\Debug.win32\"
         xcopy /Y /Q "C:\Cocos\frameworks\cocos2d-x-3.6\prebuilt\win32\*.*" "C:\Users\Kyle\Documents\GitHub\GetToTheLander\proj.win32\Debug.win32\"
         xcopy "C:\Users\Kyle\Documents\GitHub\GetToTheLander\proj.win32\..\Resources" "C:\Users\Kyle\Documents\GitHub\GetToTheLander\proj.win32\Debug.win32\" /D /E /I /F /Y
         
         :VCEnd
         53 File(s) copied
         0 File(s) copied
       Link:
         C:\Program Files (x86)\Microsoft Visual Studio 12.0\VC\bin\link.exe /ERRORREPORT:PROMPT /OUT:"C:\Users\Kyle\Documents\GitHub\GetToTheLander\proj.win32\Debug.win32\Get To The Lander.exe" /INCREMENTAL /NOLOGO /LIBPATH:C:\Users\Kyle\Documents\GitHub\GetToTheLander\proj.win32\Debug.win32\ /LIBPATH:C:\Users\Kyle\Documents\GitHub\GetToTheLander\proj.win32\Debug.win32\ opengl32.lib glew32.lib libzlib.lib libpng.lib libjpeg.lib libtiff.lib libwebp.lib libiconv.lib glfw3.lib freetype250.lib winmm.lib ws2_32.lib libchipmunk.lib kernel32.lib user32.lib gdi32.lib winspool.lib comdlg32.lib advapi32.lib shell32.lib ole32.lib oleaut32.lib uuid.lib odbc32.lib odbccp32.lib /MANIFEST /MANIFESTUAC:"level='asInvoker' uiAccess='false'" /manifest:embed /DEBUG /PDB:"C:\Users\Kyle\Documents\GitHub\GetToTheLander\proj.win32\Debug.win32\Get To The Lander.pdb" /SUBSYSTEM:WINDOWS /TLBID:1 /DYNAMICBASE /NXCOMPAT /IMPLIB:"C:\Users\Kyle\Documents\GitHub\GetToTheLander\proj.win32\Debug.win32\Get To The Lander.lib" /MACHINE:X86 /SAFESEH "Debug.win32\Get To The Lander.res"
         Debug.win32\AppDelegate.obj
         Debug.win32\Bird.obj
         Debug.win32\GameOverScene.obj
         Debug.win32\GameScene.obj
         Debug.win32\MainMenuScene.obj
         Debug.win32\Mights.obj
         Debug.win32\Pipe.obj
         Debug.win32\SplashScene.obj
         Debug.win32\main.obj
         CocosProjectFlap.vcxproj -> C:\Users\Kyle\Documents\GitHub\GetToTheLander\proj.win32\Debug.win32\Get To The Lander.exe
     1>Done Building Project "C:\Users\Kyle\Documents\GitHub\GetToTheLander\proj.win32\CocosProjectFlap.vcxproj" (Build target(s)).

Build succeeded.

Time Elapsed 00:00:03.03
