c:\development\cocosprojectflap\proj.win32\debug.win32\gameoverscene.obj
c:\development\cocosprojectflap\proj.win32\debug.win32\mainmenuscene.obj
c:\development\cocosprojectflap\proj.win32\debug.win32\main.obj
c:\development\cocosprojectflap\proj.win32\debug.win32\appdelegate.obj
c:\development\cocosprojectflap\proj.win32\debug.win32\gamescene.obj
c:\development\cocosprojectflap\proj.win32\debug.win32\splashscene.obj
c:\development\cocosprojectflap\proj.win32\debug.win32\vc120.pdb
c:\development\cocosprojectflap\proj.win32\debug.win32\cocosprojectflap.lib
c:\development\cocosprojectflap\proj.win32\debug.win32\cocosprojectflap.exp
c:\development\cocosprojectflap\proj.win32\debug.win32\cocosprojectflap.ilk
c:\development\cocosprojectflap\proj.win32\debug.win32\cocosprojectflap.exe
c:\development\cocosprojectflap\proj.win32\debug.win32\cocosprojectflap.pdb
c:\development\cocosprojectflap\proj.win32\debug.win32\game.res
c:\development\cocosprojectflap\proj.win32\debug.win32\vc120.idb
c:\development\cocosprojectflap\proj.win32\debug.win32\cocosprojectflap.tlog\cl.command.1.tlog
c:\development\cocosprojectflap\proj.win32\debug.win32\cocosprojectflap.tlog\cl.read.1.tlog
c:\development\cocosprojectflap\proj.win32\debug.win32\cocosprojectflap.tlog\cl.write.1.tlog
c:\development\cocosprojectflap\proj.win32\debug.win32\cocosprojectflap.tlog\cocosprojectflap.write.1u.tlog
c:\development\cocosprojectflap\proj.win32\debug.win32\cocosprojectflap.tlog\link.command.1.tlog
c:\development\cocosprojectflap\proj.win32\debug.win32\cocosprojectflap.tlog\link.read.1.tlog
c:\development\cocosprojectflap\proj.win32\debug.win32\cocosprojectflap.tlog\link.write.1.tlog
c:\development\cocosprojectflap\proj.win32\debug.win32\cocosprojectflap.tlog\rc.command.1.tlog
c:\development\cocosprojectflap\proj.win32\debug.win32\cocosprojectflap.tlog\rc.read.1.tlog
c:\development\cocosprojectflap\proj.win32\debug.win32\cocosprojectflap.tlog\rc.write.1.tlog
