c:\users\kyle\documents\github\gettothelander\proj.win32\debug.win32\appdelegate.obj
c:\users\kyle\documents\github\gettothelander\proj.win32\debug.win32\gameoverscene.obj
c:\users\kyle\documents\github\gettothelander\proj.win32\debug.win32\mainmenuscene.obj
c:\users\kyle\documents\github\gettothelander\proj.win32\debug.win32\pipe.obj
c:\users\kyle\documents\github\gettothelander\proj.win32\debug.win32\main.obj
c:\users\kyle\documents\github\gettothelander\proj.win32\debug.win32\bird.obj
c:\users\kyle\documents\github\gettothelander\proj.win32\debug.win32\gamescene.obj
c:\users\kyle\documents\github\gettothelander\proj.win32\debug.win32\mights.obj
c:\users\kyle\documents\github\gettothelander\proj.win32\debug.win32\splashscene.obj
c:\users\kyle\documents\github\gettothelander\proj.win32\debug.win32\vc120.pdb
c:\users\kyle\documents\github\gettothelander\proj.win32\debug.win32\rocks.obj
c:\users\kyle\documents\github\gettothelander\proj.win32\debug.win32\get to the lander.lib
c:\users\kyle\documents\github\gettothelander\proj.win32\debug.win32\get to the lander.exp
c:\users\kyle\documents\github\gettothelander\proj.win32\debug.win32\get to the lander.ilk
c:\users\kyle\documents\github\gettothelander\proj.win32\debug.win32\get to the lander.exe
c:\users\kyle\documents\github\gettothelander\proj.win32\debug.win32\get to the lander.pdb
c:\users\kyle\documents\github\gettothelander\proj.win32\debug.win32\get to the lander.res
c:\users\kyle\documents\github\gettothelander\proj.win32\debug.win32\vc120.idb
c:\users\kyle\documents\github\gettothelander\proj.win32\debug.win32\get to t.76a39bb2.tlog\cl.command.1.tlog
c:\users\kyle\documents\github\gettothelander\proj.win32\debug.win32\get to t.76a39bb2.tlog\cl.read.1.tlog
c:\users\kyle\documents\github\gettothelander\proj.win32\debug.win32\get to t.76a39bb2.tlog\cl.write.1.tlog
c:\users\kyle\documents\github\gettothelander\proj.win32\debug.win32\get to t.76a39bb2.tlog\get to the lander.write.1u.tlog
c:\users\kyle\documents\github\gettothelander\proj.win32\debug.win32\get to t.76a39bb2.tlog\link.command.1.tlog
c:\users\kyle\documents\github\gettothelander\proj.win32\debug.win32\get to t.76a39bb2.tlog\link.read.1.tlog
c:\users\kyle\documents\github\gettothelander\proj.win32\debug.win32\get to t.76a39bb2.tlog\link.write.1.tlog
c:\users\kyle\documents\github\gettothelander\proj.win32\debug.win32\get to t.76a39bb2.tlog\rc.command.1.tlog
c:\users\kyle\documents\github\gettothelander\proj.win32\debug.win32\get to t.76a39bb2.tlog\rc.read.1.tlog
c:\users\kyle\documents\github\gettothelander\proj.win32\debug.win32\get to t.76a39bb2.tlog\rc.write.1.tlog
